<?xml version="1.0" encoding="UTF-8"?>
<!-- Generated by org.testng.reporters.JUnitReportReporter -->
<testsuite skipped="7" hostname="DSB-PC" name="demo.CBT" tests="16" failures="0" timestamp="20 Nov 2018 01:26:46 GMT" time="5.327" errors="1">
  <testcase name="verifyTitle" time="0.061" classname="demo.CBT"/>
  <testcase name="openBrowser" time="0.574" classname="demo.CBT">
    <error type="org.openqa.selenium.WebDriverException" message="Unable to parse remote response: Unknown error">
      <![CDATA[org.openqa.selenium.WebDriverException: Unable to parse remote response: Unknown error
at org.openqa.selenium.remote.ProtocolHandshake.createSession(ProtocolHandshake.java:111)
at org.openqa.selenium.remote.ProtocolHandshake.createSession(ProtocolHandshake.java:73)
at org.openqa.selenium.remote.HttpCommandExecutor.execute(HttpCommandExecutor.java:136)
at org.openqa.selenium.remote.service.DriverCommandExecutor.execute(DriverCommandExecutor.java:83)
at org.openqa.selenium.remote.RemoteWebDriver.execute(RemoteWebDriver.java:548)
at org.openqa.selenium.remote.RemoteWebDriver.startSession(RemoteWebDriver.java:212)
at org.openqa.selenium.remote.RemoteWebDriver.<init>(RemoteWebDriver.java:130)
at org.openqa.selenium.edge.EdgeDriver.<init>(EdgeDriver.java:141)
at org.openqa.selenium.edge.EdgeDriver.<init>(EdgeDriver.java:96)
at demo.CBT.openBrowser(CBT.java:36)
at sun.reflect.NativeMethodAccessorImpl.invoke0(Native Method)
at sun.reflect.NativeMethodAccessorImpl.invoke(Unknown Source)
at sun.reflect.DelegatingMethodAccessorImpl.invoke(Unknown Source)
at java.lang.reflect.Method.invoke(Unknown Source)
at org.testng.internal.MethodInvocationHelper.invokeMethod(MethodInvocationHelper.java:124)
at org.testng.internal.MethodInvocationHelper.invokeMethodConsideringTimeout(MethodInvocationHelper.java:59)
at org.testng.internal.Invoker.invokeConfigurationMethod(Invoker.java:455)
at org.testng.internal.Invoker.invokeConfigurations(Invoker.java:222)
at org.testng.internal.Invoker.invokeConfigurations(Invoker.java:142)
at org.testng.TestRunner.beforeRun(TestRunner.java:529)
at org.testng.TestRunner.run(TestRunner.java:497)
at org.testng.SuiteRunner.runTest(SuiteRunner.java:455)
at org.testng.SuiteRunner.runSequentially(SuiteRunner.java:450)
at org.testng.SuiteRunner.privateRun(SuiteRunner.java:415)
at org.testng.SuiteRunner.run(SuiteRunner.java:364)
at org.testng.SuiteRunnerWorker.runSuite(SuiteRunnerWorker.java:52)
at org.testng.SuiteRunnerWorker.run(SuiteRunnerWorker.java:84)
at org.testng.TestNG.runSuitesSequentially(TestNG.java:1208)
at org.testng.TestNG.runSuitesLocally(TestNG.java:1137)
at org.testng.TestNG.runSuites(TestNG.java:1049)
at org.testng.TestNG.run(TestNG.java:1017)
at org.testng.remote.AbstractRemoteTestNG.run(AbstractRemoteTestNG.java:114)
at org.testng.remote.RemoteTestNG.initAndRun(RemoteTestNG.java:251)
at org.testng.remote.RemoteTestNG.main(RemoteTestNG.java:77)
Caused by: org.openqa.selenium.json.JsonException: Unable to determine type from: U. Last 1 characters read: U
Build info: version: '3.14.0', revision: 'aacccce0', time: '2018-08-02T20:05:20.749Z'
System info: host: 'DSB-PC', ip: '192.168.178.24', os.name: 'Windows 10', os.arch: 'x86', os.version: '10.0', java.version: '1.8.0_191'
Driver info: driver.version: EdgeDriver
at org.openqa.selenium.json.JsonInput.peek(JsonInput.java:121)
at org.openqa.selenium.json.JsonTypeCoercer.lambda$null$6(JsonTypeCoercer.java:137)
at org.openqa.selenium.json.JsonTypeCoercer.coerce(JsonTypeCoercer.java:123)
at org.openqa.selenium.json.Json.toType(Json.java:60)
at org.openqa.selenium.json.Json.toType(Json.java:50)
at org.openqa.selenium.remote.ProtocolHandshake.createSession(ProtocolHandshake.java:108)
... 33 more
]]>
    </error>
  </testcase> <!-- openBrowser -->
  <testcase name="verifyTitle" time="0.149" classname="demo.CBT"/>
  <testcase name="verifyTitle" time="0.000" classname="demo.CBT">
    <skipped/>
  </testcase> <!-- verifyTitle -->
  <testcase name="verifySignInBtnVisibility" time="1.008" classname="demo.CBT"/>
  <testcase name="verifySignInBtnVisibility" time="0.000" classname="demo.CBT">
    <skipped/>
  </testcase> <!-- verifySignInBtnVisibility -->
  <testcase name="verifySignInBtnVisibility" time="0.224" classname="demo.CBT"/>
  <testcase name="verifyText" time="0.694" classname="demo.CBT"/>
  <testcase name="verifyText" time="0.000" classname="demo.CBT">
    <skipped/>
  </testcase> <!-- verifyText -->
  <testcase name="verifyText" time="0.182" classname="demo.CBT"/>
  <testcase name="verifySearchBtnStatusAfterEnteringText" time="1.672" classname="demo.CBT"/>
  <testcase name="verifySearchBtnStatusAfterEnteringText" time="0.763" classname="demo.CBT"/>
  <testcase name="verifySearchBtnStatusAfterEnteringText" time="0.000" classname="demo.CBT">
    <skipped/>
  </testcase> <!-- verifySearchBtnStatusAfterEnteringText -->
  <testcase name="verifySearchBtnStatusBeforeEnteringText" classname="demo.CBT">
    <skipped/>
  </testcase> <!-- verifySearchBtnStatusBeforeEnteringText -->
  <testcase name="verifySearchBtnStatusBeforeEnteringText" classname="demo.CBT">
    <skipped/>
  </testcase> <!-- verifySearchBtnStatusBeforeEnteringText -->
  <testcase name="verifySearchBtnStatusBeforeEnteringText" classname="demo.CBT">
    <skipped/>
  </testcase> <!-- verifySearchBtnStatusBeforeEnteringText -->
</testsuite> <!-- demo.CBT -->
